2014-09-17 15:50:53.583+0000 INFO  [org.neo4j]: You are using an unsupported version of the Java runtime. Please use Oracle(R) Java(TM) Runtime Environment 7 or OpenJDK(TM) 7.
2014-09-17 15:50:53.673+0000 INFO  [org.neo4j]: No locking implementation specified, defaulting to 'community'
2014-09-17 15:50:53.741+0000 INFO  [org.neo4j]: --- INITIALIZED diagnostics START ---
2014-09-17 15:50:53.741+0000 INFO  [org.neo4j]: Neo4j Kernel properties:
    neostore.propertystore.db.strings.mapped_memory=94M
    ephemeral=false
    neostore.nodestore.db.mapped_memory=30M
    store_dir=target/neo4j-hello-db
    neostore.propertystore.db.arrays.mapped_memory=106M
    neostore.propertystore.db.mapped_memory=110M
    neostore.relationshipstore.db.mapped_memory=135M
2014-09-17 15:50:53.746+0000 INFO  [org.neo4j]: Diagnostics providers:
    org.neo4j.kernel.configuration.Config
    org.neo4j.kernel.info.DiagnosticsManager
    SYSTEM_MEMORY
    JAVA_MEMORY
    OPERATING_SYSTEM
    JAVA_VIRTUAL_MACHINE
    CLASSPATH
    LIBRARY_PATH
    SYSTEM_PROPERTIES
    NETWORK
2014-09-17 15:50:53.746+0000 INFO  [org.neo4j]: System memory information:
    Total Physical memory: 7.93 GB
    Free Physical memory: 995.75 MB
    Committed virtual memory: 246.31 MB
    Total swap space: 15.86 GB
    Free swap space: 7.87 GB
2014-09-17 15:50:53.773+0000 INFO  [org.neo4j]: JVM memory information:
    Free  memory: 127.46 MB
    Total memory: 131.50 MB
    Max   memory: 1.76 GB
    Garbage Collector: PS Scavenge: [PS Eden Space, PS Survivor Space]
    Garbage Collector: PS MarkSweep: [PS Eden Space, PS Survivor Space, PS Old Gen]
    Memory Pool: Code Cache (Non-heap memory): committed=2.44 MB, used=2.08 MB, max=240.00 MB, threshold=0.00 B
    Memory Pool: Metaspace (Non-heap memory): committed=6.38 MB, used=6.20 MB, max=-1.00 B, threshold=0.00 B
    Memory Pool: Compressed Class Space (Non-heap memory): committed=896.00 kB, used=833.67 kB, max=1.00 GB, threshold=0.00 B
    Memory Pool: PS Eden Space (Heap memory): committed=4.00 MB, used=1.97 MB, max=675.00 MB, threshold=?
    Memory Pool: PS Survivor Space (Heap memory): committed=1.00 MB, used=1.00 MB, max=1.00 MB, threshold=?
    Memory Pool: PS Old Gen (Heap memory): committed=126.50 MB, used=1.14 MB, max=1.32 GB, threshold=0.00 B
2014-09-17 15:50:53.803+0000 INFO  [org.neo4j]: Operating system information:
    Operating System: Windows 7; version: 6.1; arch: amd64; cpus: 4
    Process id: 7156@LT-2469-DIIG
    Byte order: LITTLE_ENDIAN
    Local timezone: Europe/London
2014-09-17 15:50:53.838+0000 INFO  [org.neo4j]: JVM information:
    VM Name: Java HotSpot(TM) 64-Bit Server VM
    VM Vendor: Oracle Corporation
    VM Version: 25.11-b03
    JIT compiler: HotSpot 64-Bit Tiered Compilers
    VM Arguments: [-Dfile.encoding=UTF-8]
2014-09-17 15:50:53.838+0000 INFO  [org.neo4j]: Java classpath:
     [classpath + loader.0] file:/C:/Mike/neo4jUntar/libs/neo4j-community-2.1.4/lib/neo4j-primitive-collections-2.1.4.jar
     [loader.1] file:/C:/Program%20Files/Java/jdk1.8.0_11/jre/lib/ext/sunpkcs11.jar
     [bootstrap] C:\Program Files\Java\jdk1.8.0_11\jre\lib\resources.jar
     [classpath + loader.0] file:/C:/Mike/neo4jUntar/libs/neo4j-community-2.1.4/lib/neo4j-cypher-compiler-2.0-2.0.3.jar
     [loader.1] file:/C:/Program%20Files/Java/jdk1.8.0_11/jre/lib/ext/cldrdata.jar
     [classpath + loader.0] file:/C:/Mike/neo4jUntar/libs/neo4j-community-2.1.4/lib/parboiled-scala_2.10-1.1.6.jar
     [bootstrap] C:\Program Files\Java\jdk1.8.0_11\jre\lib\jce.jar
     [classpath + loader.0] file:/C:/Mike/neo4jUntar/libs/neo4j-community-2.1.4/lib/server-api-2.1.4.jar
     [loader.1] file:/C:/Program%20Files/Java/jdk1.8.0_11/jre/lib/ext/dnsns.jar
     [bootstrap] C:\Program Files\Java\jdk1.8.0_11\jre\lib\jfr.jar
     [loader.1] file:/C:/Program%20Files/Java/jdk1.8.0_11/jre/lib/ext/localedata.jar
     [classpath + loader.0] file:/C:/Mike/hgdbdist-1.2/lib/je-5.0.34.jar
     [classpath + loader.0] file:/C:/Mike/neo4jUntar/libs/neo4j-community-2.1.4/lib/org.apache.servicemix.bundles.jline-0.9.94_1.jar
     [bootstrap] C:\Program Files\Java\jdk1.8.0_11\jre\lib\charsets.jar
     [classpath + loader.0] file:/C:/Mike/neo4jUntar/libs/neo4j-community-2.1.4/lib/neo4j-shell-2.1.4.jar
     [classpath + loader.0] file:/C:/Mike/titan-berkeleydb-0.4.4/lib/gremlin-java-2.4.0.jar
     [bootstrap] C:\Program Files\Java\jdk1.8.0_11\jre\lib\sunrsasign.jar
     [bootstrap] C:\Program Files\Java\jdk1.8.0_11\jre\lib\rt.jar
     [classpath + loader.0] file:/C:/Mike/neo4jUntar/libs/neo4j-community-2.1.4/lib/opencsv-2.0.jar
     [classpath + loader.0] file:/C:/Mike/titan-berkeleydb-0.4.4/lib/pipes-2.4.0.jar
     [classpath + loader.0] file:/C:/Mike/neo4jUntar/libs/neo4j-community-2.1.4/lib/geronimo-jta_1.1_spec-1.1.1.jar
     [loader.1] file:/C:/Program%20Files/Java/jdk1.8.0_11/jre/lib/ext/jfxrt.jar
     [loader.1] file:/C:/Program%20Files/Java/jdk1.8.0_11/jre/lib/ext/zipfs.jar
     [loader.1] file:/C:/Program%20Files/Java/jdk1.8.0_11/jre/lib/ext/access-bridge-64.jar
     [bootstrap] C:\Program Files\Java\jdk1.8.0_11\jre\classes
     [loader.1] file:/C:/Program%20Files/Java/jdk1.8.0_11/jre/lib/ext/jaccess.jar
     [classpath + loader.0] file:/C:/Mike/neo4jUntar/libs/neo4j-community-2.1.4/lib/neo4j-cypher-compiler-2.1-2.1.4.jar
     [loader.1] file:/C:/Program%20Files/Java/jdk1.8.0_11/jre/lib/ext/sunec.jar
     [classpath + loader.0] file:/C:/Mike/neo4jUntar/libs/neo4j-community-2.1.4/lib/neo4j-graph-algo-2.1.4.jar
     [loader.1] file:/C:/Program%20Files/Java/jdk1.8.0_11/jre/lib/ext/nashorn.jar
     [classpath + loader.0] file:/C:/Mike/neo4jUntar/libs/neo4j-community-2.1.4/lib/neo4j-cypher-commons-2.1.4.jar
     [classpath + loader.0] file:/C:/Mike/hgdbdist-1.2/lib/hgbdbje-1.2.jar
     [classpath + loader.0] file:/C:/Mike/neo4jUntar/libs/neo4j-community-2.1.4/lib/neo4j-cypher-compiler-1.9-2.0.3.jar
     [bootstrap] C:\Program Files\Java\jdk1.8.0_11\jre\lib\jsse.jar
     [classpath + loader.0] file:/C:/Users/mdunsdon/Documents/NetBeansProjects/codeMap1/build/classes/
     [classpath + loader.0] file:/C:/Mike/neo4jUntar/libs/neo4j-community-2.1.4/lib/neo4j-graph-matching-2.1.4.jar
     [classpath + loader.0] file:/C:/Mike/neo4jUntar/libs/neo4j-community-2.1.4/lib/parboiled-core-1.1.6.jar
     [loader.1] file:/C:/Program%20Files/Java/jdk1.8.0_11/jre/lib/ext/sunjce_provider.jar
     [classpath + loader.0] file:/C:/Mike/titan-berkeleydb-0.4.4/lib/commons-configuration-1.6.jar
     [classpath + loader.0] file:/C:/Mike/neo4jUntar/libs/neo4j-community-2.1.4/lib/scala-library-2.10.4.jar
     [classpath + loader.0] file:/C:/Mike/neo4jUntar/libs/neo4j-community-2.1.4/lib/neo4j-lucene-index-2.1.4.jar
     [classpath + loader.0] file:/C:/Mike/hgdbdist-1.2/lib/hgdb-1.2.jar
     [classpath + loader.0] file:/C:/Mike/titan-berkeleydb-0.4.4/lib/blueprints-core-2.4.0.jar
     [classpath + loader.0] file:/C:/Mike/neo4jUntar/libs/neo4j-community-2.1.4/lib/neo4j-kernel-2.1.4.jar
     [classpath + loader.0] file:/C:/Mike/neo4jUntar/libs/neo4j-community-2.1.4/lib/concurrentlinkedhashmap-lru-1.3.1.jar
     [classpath + loader.0] file:/C:/Mike/neo4jUntar/libs/neo4j-community-2.1.4/lib/lucene-core-3.6.2.jar
     [classpath + loader.0] file:/C:/Mike/neo4jUntar/libs/neo4j-community-2.1.4/lib/neo4j-jmx-2.1.4.jar
     [classpath + loader.0] file:/C:/Mike/neo4jUntar/libs/neo4j-community-2.1.4/lib/neo4j-udc-2.1.4.jar
     [classpath + loader.0] file:/C:/Mike/titan-berkeleydb-0.4.4/lib/titan-core-0.4.4.jar
     [classpath + loader.0] file:/C:/Mike/neo4jUntar/libs/neo4j-community-2.1.4/lib/neo4j-cypher-2.1.4.jar
     [loader.1] file:/C:/Program%20Files/Java/jdk1.8.0_11/jre/lib/ext/sunmscapi.jar
2014-09-17 15:50:53.841+0000 INFO  [org.neo4j]: Library path:
    C:\Program Files\Java\jdk1.8.0_11\bin
    C:\Windows\Sun\Java\bin
    C:\Windows\System32
    C:\Windows
    C:\ProgramData\Oracle\Java\javapath
    C:\Program Files (x86)\Intel\iCLS Client
    C:\Program Files\Intel\iCLS Client
    C:\Windows\System32
    C:\Windows
    C:\Windows\System32\wbem
    C:\Windows\System32\WindowsPowerShell\v1.0
    C:\Program Files\Intel\WiFi\bin
    C:\Program Files\Common Files\Intel\WirelessCommon
    C:\Program Files\Intel\Intel(R) Management Engine Components\DAL
    C:\Program Files\Intel\Intel(R) Management Engine Components\IPT
    C:\Program Files (x86)\Intel\Intel(R) Management Engine Components\DAL
    C:\Program Files (x86)\Intel\Intel(R) Management Engine Components\IPT
    C:\Program Files\WIDCOMM\Bluetooth Software
    C:\Program Files\WIDCOMM\Bluetooth Software\syswow64
    C:\Program Files\TortoiseSVN\bin
    C:\Program Files (x86)\Microsoft SQL Server\100\Tools\Binn\VSShell\Common7\IDE
    C:\Program Files (x86)\Microsoft SQL Server\100\Tools\Binn
    C:\Program Files\Microsoft SQL Server\100\Tools\Binn
    C:\Program Files (x86)\Microsoft SQL Server\100\DTS\Binn
    C:\Users\mdunsdon\Documents\NetBeansProjects\codeMap1
2014-09-17 15:50:53.846+0000 INFO  [org.neo4j]: System.properties:
    sun.boot.library.path = C:\Program Files\Java\jdk1.8.0_11\jre\bin
    path.separator = ;
    file.encoding.pkg = sun.io
    user.country = GB
    user.script = 
    sun.java.launcher = SUN_STANDARD
    sun.os.patch.level = Service Pack 1
    user.dir = C:\Users\mdunsdon\Documents\NetBeansProjects\codeMap1
    user.variant = 
    sun.jnu.encoding = Cp1252
    sun.management.compiler = HotSpot 64-Bit Tiered Compilers
    user.home = C:\Users\mdunsdon
    user.timezone = Europe/London
    file.encoding = UTF-8
    user.name = mdunsdon
    sun.java.command = codemap1.neo4jClass
    sun.arch.data.model = 64
    user.language = en
    awt.toolkit = sun.awt.windows.WToolkit
    file.separator = \
    sun.io.unicode.encoding = UnicodeLittle
    sun.cpu.endian = little
    sun.desktop = windows
    sun.cpu.isalist = amd64
2014-09-17 15:50:53.846+0000 INFO  [org.neo4j]: Network information:
    Interface Software Loopback Interface 1:
        address: 127.0.0.1
        address: 0:0:0:0:0:0:0:1
    Interface WAN Miniport (SSTP):
    Interface WAN Miniport (L2TP):
    Interface WAN Miniport (PPTP):
    Interface WAN Miniport (PPPOE):
    Interface WAN Miniport (IPv6):
    Interface WAN Miniport (Network Monitor):
    Interface WAN Miniport (IP):
    Interface RAS Async Adapter:
    Interface WAN Miniport (IKEv2):
    Interface Intel(R) 82579LM Gigabit Network Connection:
        address: 192.168.12.152
        address: fe80:0:0:0:28b7:3c5d:d65a:f07a%eth3
    Interface Microsoft ISATAP Adapter:
        address: fe80:0:0:0:0:5efe:c0a8:c98%net4
    Interface Teredo Tunneling Pseudo-Interface:
        address: fe80:0:0:0:0:100:7f:fffe%net5
    Interface Intel(R) Centrino(R) Advanced-N 6205:
        address: fe80:0:0:0:d470:2102:e86c:3127%wlan0
    Interface Microsoft Virtual WiFi Miniport Adapter:
        address: fe80:0:0:0:7480:834:bc4c:fde5%wlan1
    Interface Microsoft Virtual WiFi Miniport Adapter #2:
        address: fe80:0:0:0:2016:1a8f:a8cb:5770%wlan2
    Interface Bluetooth Device (RFCOMM Protocol TDI):
    Interface Bluetooth Device (Personal Area Network):
    Interface Bluetooth Personal Area Network:
    Interface Check Point Virtual Network Adapter For Endpoint VPN Client:
        address: fe80:0:0:0:d16f:9d70:3450:213d%eth6
    Interface Microsoft ISATAP Adapter #2:
    Interface Microsoft ISATAP Adapter #3:
    Interface Microsoft ISATAP Adapter #4:
    Interface Intel(R) 82579LM Gigabit Network Connection-Zone Alarm Firewall Driver-0000:
    Interface Intel(R) 82579LM Gigabit Network Connection-QoS Packet Scheduler-0000:
    Interface Intel(R) 82579LM Gigabit Network Connection-WFP LightWeight Filter-0000:
    Interface Intel(R) Centrino(R) Advanced-N 6205-QoS Packet Scheduler-0000:
    Interface Intel(R) Centrino(R) Advanced-N 6205-Virtual WiFi Filter Driver-0000:
    Interface WAN Miniport (Network Monitor)-Zone Alarm Firewall Driver-0000:
    Interface WAN Miniport (Network Monitor)-QoS Packet Scheduler-0000:
    Interface WAN Miniport (IP)-Zone Alarm Firewall Driver-0000:
    Interface WAN Miniport (IP)-QoS Packet Scheduler-0000:
    Interface WAN Miniport (IPv6)-Zone Alarm Firewall Driver-0000:
    Interface WAN Miniport (IPv6)-QoS Packet Scheduler-0000:
    Interface Check Point Virtual Network Adapter For Endpoint VPN Client-Zone Alarm Firewall Driver-0000:
    Interface Check Point Virtual Network Adapter For Endpoint VPN Client-QoS Packet Scheduler-0000:
    Interface Check Point Virtual Network Adapter For Endpoint VPN Client-WFP LightWeight Filter-0000:
    Interface Intel(R) Centrino(R) Advanced-N 6205-Native WiFi Filter Driver-0000:
    Interface Intel(R) Centrino(R) Advanced-N 6205-Zone Alarm Firewall Driver-0000:
    Interface Intel(R) Centrino(R) Advanced-N 6205-WFP LightWeight Filter-0000:
    Interface Microsoft Virtual WiFi Miniport Adapter #2-Native WiFi Filter Driver-0000:
    Interface Microsoft Virtual WiFi Miniport Adapter #2-Zone Alarm Firewall Driver-0000:
    Interface Microsoft Virtual WiFi Miniport Adapter #2-QoS Packet Scheduler-0000:
    Interface Microsoft Virtual WiFi Miniport Adapter #2-WFP LightWeight Filter-0000:
    Interface Microsoft Virtual WiFi Miniport Adapter-Native WiFi Filter Driver-0000:
    Interface Microsoft Virtual WiFi Miniport Adapter-Zone Alarm Firewall Driver-0000:
    Interface Microsoft Virtual WiFi Miniport Adapter-QoS Packet Scheduler-0000:
    Interface Microsoft Virtual WiFi Miniport Adapter-WFP LightWeight Filter-0000:
    Interface Microsoft ISATAP Adapter #5:
2014-09-17 15:50:53.976+0000 INFO  [org.neo4j]: --- INITIALIZED diagnostics END ---
2014-09-17 15:50:54.248+0000 INFO  [org.neo4j]: Creating new db @ target\neo4j-hello-db\neostore
2014-09-17 15:50:55.535+0000 INFO  [org.neo4j]: [target\neo4j-hello-db\neostore.relationshiptypestore.db.names] brickCount=0 brickSize=0b mappedMem=0b (storeSize=38b)
2014-09-17 15:50:55.540+0000 INFO  [org.neo4j]: [target\neo4j-hello-db\neostore.relationshiptypestore.db] brickCount=0 brickSize=0b mappedMem=0b (storeSize=0b)
2014-09-17 15:50:55.570+0000 INFO  [org.neo4j]: target\neo4j-hello-db\neostore.relationshiptypestore.db.names hit=0 miss=0 switches=0 ooe=0
2014-09-17 15:50:55.635+0000 INFO  [org.neo4j]: target\neo4j-hello-db\neostore.relationshiptypestore.db hit=0 miss=0 switches=0 ooe=0
2014-09-17 15:50:55.953+0000 INFO  [org.neo4j]: [target\neo4j-hello-db\neostore.labeltokenstore.db.names] brickCount=0 brickSize=0b mappedMem=0b (storeSize=38b)
2014-09-17 15:50:55.955+0000 INFO  [org.neo4j]: [target\neo4j-hello-db\neostore.labeltokenstore.db] brickCount=0 brickSize=0b mappedMem=0b (storeSize=0b)
2014-09-17 15:50:56.003+0000 INFO  [org.neo4j]: target\neo4j-hello-db\neostore.labeltokenstore.db.names hit=0 miss=0 switches=0 ooe=0
2014-09-17 15:50:56.103+0000 INFO  [org.neo4j]: target\neo4j-hello-db\neostore.labeltokenstore.db hit=0 miss=0 switches=0 ooe=0
2014-09-17 15:50:56.540+0000 INFO  [org.neo4j]: [target\neo4j-hello-db\neostore.relationshiptypestore.db.names] brickCount=0 brickSize=0b mappedMem=0b (storeSize=38b)
2014-09-17 15:50:56.543+0000 INFO  [org.neo4j]: [target\neo4j-hello-db\neostore.relationshiptypestore.db] brickCount=0 brickSize=0b mappedMem=0b (storeSize=0b)
2014-09-17 15:50:56.545+0000 INFO  [org.neo4j]: [target\neo4j-hello-db\neostore.labeltokenstore.db.names] brickCount=0 brickSize=0b mappedMem=0b (storeSize=38b)
2014-09-17 15:50:56.548+0000 INFO  [org.neo4j]: [target\neo4j-hello-db\neostore.labeltokenstore.db] brickCount=0 brickSize=0b mappedMem=0b (storeSize=0b)
2014-09-17 15:50:56.550+0000 INFO  [org.neo4j]: [target\neo4j-hello-db\neostore.propertystore.db.strings] brickCount=0 brickSize=98560b mappedMem=98566144b (storeSize=128b)
2014-09-17 15:50:56.553+0000 INFO  [org.neo4j]: [target\neo4j-hello-db\neostore.propertystore.db.index.keys] brickCount=0 brickSize=0b mappedMem=0b (storeSize=38b)
2014-09-17 15:50:56.553+0000 INFO  [org.neo4j]: [target\neo4j-hello-db\neostore.propertystore.db.index] brickCount=0 brickSize=0b mappedMem=0b (storeSize=0b)
2014-09-17 15:50:56.555+0000 INFO  [org.neo4j]: [target\neo4j-hello-db\neostore.propertystore.db.arrays] brickCount=0 brickSize=111104b mappedMem=111149056b (storeSize=128b)
2014-09-17 15:50:56.560+0000 INFO  [org.neo4j]: [target\neo4j-hello-db\neostore.propertystore.db] brickCount=0 brickSize=1153412b mappedMem=115343360b (storeSize=0b)
2014-09-17 15:50:56.563+0000 INFO  [org.neo4j]: [target\neo4j-hello-db\neostore.relationshipstore.db] brickCount=0 brickSize=1415556b mappedMem=141557760b (storeSize=0b)
2014-09-17 15:50:56.565+0000 INFO  [org.neo4j]: [target\neo4j-hello-db\neostore.nodestore.db.labels] brickCount=0 brickSize=0b mappedMem=0b (storeSize=68b)
2014-09-17 15:50:56.565+0000 INFO  [org.neo4j]: [target\neo4j-hello-db\neostore.nodestore.db] brickCount=0 brickSize=314565b mappedMem=31457280b (storeSize=0b)
2014-09-17 15:50:56.568+0000 INFO  [org.neo4j]: [target\neo4j-hello-db\neostore.schemastore.db] brickCount=0 brickSize=0b mappedMem=0b (storeSize=64b)
2014-09-17 15:50:56.568+0000 INFO  [org.neo4j]: [target\neo4j-hello-db\neostore.relationshipgroupstore.db] brickCount=0 brickSize=0b mappedMem=0b (storeSize=25b)
2014-09-17 15:50:56.570+0000 INFO  [org.neo4j]: [target\neo4j-hello-db\neostore] brickCount=0 brickSize=0b mappedMem=0b (storeSize=0b)
2014-09-17 15:50:56.615+0000 INFO  [org.neo4j]: target\neo4j-hello-db\neostore.relationshiptypestore.db.names hit=0 miss=0 switches=0 ooe=0
2014-09-17 15:50:56.703+0000 INFO  [org.neo4j]: target\neo4j-hello-db\neostore.relationshiptypestore.db hit=0 miss=0 switches=0 ooe=0
2014-09-17 15:50:56.810+0000 INFO  [org.neo4j]: target\neo4j-hello-db\neostore.labeltokenstore.db.names hit=0 miss=0 switches=0 ooe=0
2014-09-17 15:50:56.903+0000 INFO  [org.neo4j]: target\neo4j-hello-db\neostore.labeltokenstore.db hit=0 miss=0 switches=0 ooe=0
2014-09-17 15:50:57.003+0000 INFO  [org.neo4j]: target\neo4j-hello-db\neostore.propertystore.db.strings hit=0 miss=0 switches=0 ooe=0
2014-09-17 15:50:57.085+0000 INFO  [org.neo4j]: target\neo4j-hello-db\neostore.propertystore.db.index.keys hit=0 miss=0 switches=0 ooe=0
2014-09-17 15:50:57.203+0000 INFO  [org.neo4j]: target\neo4j-hello-db\neostore.propertystore.db.index hit=0 miss=0 switches=0 ooe=0
2014-09-17 15:50:57.403+0000 INFO  [org.neo4j]: target\neo4j-hello-db\neostore.propertystore.db.arrays hit=0 miss=0 switches=0 ooe=0
2014-09-17 15:50:57.470+0000 INFO  [org.neo4j]: target\neo4j-hello-db\neostore.propertystore.db hit=0 miss=0 switches=0 ooe=0
2014-09-17 15:50:57.553+0000 INFO  [org.neo4j]: target\neo4j-hello-db\neostore.relationshipstore.db hit=0 miss=0 switches=0 ooe=0
2014-09-17 15:50:57.635+0000 INFO  [org.neo4j]: target\neo4j-hello-db\neostore.nodestore.db.labels hit=0 miss=0 switches=0 ooe=0
2014-09-17 15:50:57.770+0000 INFO  [org.neo4j]: target\neo4j-hello-db\neostore.nodestore.db hit=0 miss=0 switches=0 ooe=0
2014-09-17 15:50:57.878+0000 INFO  [org.neo4j]: target\neo4j-hello-db\neostore.schemastore.db hit=0 miss=0 switches=0 ooe=0
2014-09-17 15:50:57.978+0000 INFO  [org.neo4j]: target\neo4j-hello-db\neostore.relationshipgroupstore.db hit=0 miss=0 switches=0 ooe=0
2014-09-17 15:50:58.108+0000 INFO  [org.neo4j]: target\neo4j-hello-db\neostore hit=0 miss=10 switches=0 ooe=0
2014-09-17 15:50:58.218+0000 INFO  [org.neo4j]: [target\neo4j-hello-db\neostore.relationshiptypestore.db.names] brickCount=0 brickSize=0b mappedMem=0b (storeSize=38b)
2014-09-17 15:50:58.218+0000 INFO  [org.neo4j]: [target\neo4j-hello-db\neostore.relationshiptypestore.db] brickCount=0 brickSize=0b mappedMem=0b (storeSize=0b)
2014-09-17 15:50:58.218+0000 INFO  [org.neo4j]: [target\neo4j-hello-db\neostore.labeltokenstore.db.names] brickCount=0 brickSize=0b mappedMem=0b (storeSize=38b)
2014-09-17 15:50:58.220+0000 INFO  [org.neo4j]: [target\neo4j-hello-db\neostore.labeltokenstore.db] brickCount=0 brickSize=0b mappedMem=0b (storeSize=0b)
2014-09-17 15:50:58.220+0000 INFO  [org.neo4j]: [target\neo4j-hello-db\neostore.propertystore.db.strings] brickCount=0 brickSize=98560b mappedMem=98566144b (storeSize=128b)
2014-09-17 15:50:58.220+0000 INFO  [org.neo4j]: [target\neo4j-hello-db\neostore.propertystore.db.index.keys] brickCount=0 brickSize=0b mappedMem=0b (storeSize=38b)
2014-09-17 15:50:58.220+0000 INFO  [org.neo4j]: [target\neo4j-hello-db\neostore.propertystore.db.index] brickCount=0 brickSize=0b mappedMem=0b (storeSize=0b)
2014-09-17 15:50:58.223+0000 INFO  [org.neo4j]: [target\neo4j-hello-db\neostore.propertystore.db.arrays] brickCount=0 brickSize=111104b mappedMem=111149056b (storeSize=128b)
2014-09-17 15:50:58.223+0000 INFO  [org.neo4j]: [target\neo4j-hello-db\neostore.propertystore.db] brickCount=0 brickSize=1153412b mappedMem=115343360b (storeSize=0b)
2014-09-17 15:50:58.223+0000 INFO  [org.neo4j]: [target\neo4j-hello-db\neostore.relationshipstore.db] brickCount=0 brickSize=1415556b mappedMem=141557760b (storeSize=0b)
2014-09-17 15:50:58.225+0000 INFO  [org.neo4j]: [target\neo4j-hello-db\neostore.nodestore.db.labels] brickCount=0 brickSize=0b mappedMem=0b (storeSize=68b)
2014-09-17 15:50:58.225+0000 INFO  [org.neo4j]: [target\neo4j-hello-db\neostore.nodestore.db] brickCount=0 brickSize=314565b mappedMem=31457280b (storeSize=0b)
2014-09-17 15:50:58.228+0000 INFO  [org.neo4j]: [target\neo4j-hello-db\neostore.schemastore.db] brickCount=0 brickSize=0b mappedMem=0b (storeSize=64b)
2014-09-17 15:50:58.228+0000 INFO  [org.neo4j]: [target\neo4j-hello-db\neostore.relationshipgroupstore.db] brickCount=0 brickSize=0b mappedMem=0b (storeSize=25b)
2014-09-17 15:50:58.228+0000 INFO  [org.neo4j]: [target\neo4j-hello-db\neostore] brickCount=0 brickSize=0b mappedMem=0b (storeSize=81b)
2014-09-17 15:50:58.333+0000 INFO  [org.neo4j]: No lucene scan store index found, this might just be first use. Preparing to rebuild.
2014-09-17 15:50:58.375+0000 INFO  [org.neo4j]: No lucene scan store index found, this might just be first use. Preparing to rebuild.
2014-09-17 15:50:58.518+0000 INFO  [org.neo4j]: Opened logical log [target\neo4j-hello-db\nioneo_logical.log.1] version=0, lastTxId=1 (clean)
2014-09-17 15:50:58.650+0000 INFO  [org.neo4j]: Rebuilding lucene scan store, this may take a while
2014-09-17 15:50:58.653+0000 INFO  [org.neo4j]: Lucene scan store rebuilt (roughly -1 nodes)
2014-09-17 15:50:58.660+0000 INFO  [org.neo4j]: TM new log: tm_tx_log.1
2014-09-17 15:50:58.685+0000 INFO  [org.neo4j]: Kernel health set to OK
2014-09-17 15:50:58.695+0000 INFO  [org.neo4j]: Opened logical log [target\neo4j-hello-db\index\lucene.log.1] version=0, lastTxId=1 (clean)
2014-09-17 15:50:58.723+0000 INFO  [org.neo4j]: --- STARTED diagnostics for KernelDiagnostics:Versions START ---
2014-09-17 15:50:58.723+0000 INFO  [org.neo4j]: Graph Database: org.neo4j.kernel.EmbeddedGraphDatabase StoreId{creationTime=1410969054281, randomId=5062459380301188345, storeVersion=14406081294923270, upgradeTime=1410969054281, upgradeId=5062459380301188345}
2014-09-17 15:50:58.725+0000 INFO  [org.neo4j]: Kernel version: Neo4j - Graph Database Kernel (neo4j-kernel), version: 2.1.4
2014-09-17 15:50:58.725+0000 INFO  [org.neo4j]: Neo4j component versions:
2014-09-17 15:50:58.728+0000 INFO  [org.neo4j]:   Neo4j - Cypher Compiler 1.9 (neo4j-cypher-compiler-1.9), version: 2.0.3; revision: 2.0.3:2.0-maint:72/307c563c11b75fdc71cfa6df05daf9b08d6c37dc
2014-09-17 15:50:58.728+0000 INFO  [org.neo4j]:   Neo4j - Cypher Commons (neo4j-cypher-commons), version: 2.1.4; revision: 2.1.4:2.1-maint:472/9e3b31ae01b01caaaa433d8843b81d7c355e8f69
2014-09-17 15:50:58.728+0000 INFO  [org.neo4j]:   neo4j-udc, version: 2.1.4; revision: 2.1.4:2.1-maint:472/9e3b31ae01b01caaaa433d8843b81d7c355e8f69
2014-09-17 15:50:58.728+0000 INFO  [org.neo4j]:   Neo4j Server API (server-api), version: 2.1.4; revision: 2.1.4:2.1-maint:472/9e3b31ae01b01caaaa433d8843b81d7c355e8f69
2014-09-17 15:50:58.728+0000 INFO  [org.neo4j]:   Neo4j - Lucene Index (neo4j-lucene-index), version: 2.1.4; revision: 2.1.4:2.1-maint:472/9e3b31ae01b01caaaa433d8843b81d7c355e8f69
2014-09-17 15:50:58.728+0000 INFO  [org.neo4j]:   Neo4j - Cypher Compiler 2.0 (neo4j-cypher-compiler-2.0), version: 2.0.3; revision: 2.0.3:2.0-maint:72/307c563c11b75fdc71cfa6df05daf9b08d6c37dc
2014-09-17 15:50:58.728+0000 INFO  [org.neo4j]:   Neo4j - Graph Matching (neo4j-graph-matching), version: 2.1.4; revision: 2.1.4:2.1-maint:472/9e3b31ae01b01caaaa433d8843b81d7c355e8f69
2014-09-17 15:50:58.728+0000 INFO  [org.neo4j]:   Neo4j - Graph Database Kernel (neo4j-kernel), version: 2.1.4; revision: 2.1.4:2.1-maint:472/9e3b31ae01b01caaaa433d8843b81d7c355e8f69
2014-09-17 15:50:58.728+0000 INFO  [org.neo4j]:   Neo4j - JMX support (neo4j-jmx), version: 2.1.4; revision: 2.1.4:2.1-maint:472/9e3b31ae01b01caaaa433d8843b81d7c355e8f69
2014-09-17 15:50:58.728+0000 INFO  [org.neo4j]:   Neo4j - Cypher (neo4j-cypher), version: 2.1.4; revision: 2.1.4:2.1-maint:472/9e3b31ae01b01caaaa433d8843b81d7c355e8f69
2014-09-17 15:50:58.728+0000 INFO  [org.neo4j]:   Neo4j - Generic shell (neo4j-shell), version: 2.1.4; revision: 2.1.4:2.1-maint:472/9e3b31ae01b01caaaa433d8843b81d7c355e8f69
2014-09-17 15:50:58.728+0000 INFO  [org.neo4j]:   Neo4j - Graph Algorithms (neo4j-graph-algo), version: 2.1.4; revision: 2.1.4:2.1-maint:472/9e3b31ae01b01caaaa433d8843b81d7c355e8f69
2014-09-17 15:50:58.728+0000 INFO  [org.neo4j]: --- STARTED diagnostics for KernelDiagnostics:Versions END ---
2014-09-17 15:50:58.730+0000 INFO  [org.neo4j]: --- STARTED diagnostics for NEO_STORE_VERSIONS START ---
2014-09-17 15:50:58.730+0000 INFO  [org.neo4j]: Store versions:
    Store versions:
      NeoStore v0.A.3
      SchemaStore v0.A.3
      NodeStore v0.A.3
      RelationshipStore v0.A.3
      RelationshipTypeStore v0.A.3
      LabelTokenStore v0.A.3
      PropertyStore v0.A.3
      PropertyIndexStore v0.A.3
      StringPropertyStore v0.A.3
      ArrayPropertyStore v0.A.3
      RelationshipGroupStore v0.A.3
2014-09-17 15:50:58.730+0000 INFO  [org.neo4j]: --- STARTED diagnostics for NEO_STORE_VERSIONS END ---
2014-09-17 15:50:58.730+0000 INFO  [org.neo4j]: --- STARTED diagnostics for NEO_STORE_ID_USAGE START ---
2014-09-17 15:50:58.730+0000 INFO  [org.neo4j]: Id usage:
    Id usage:
      SchemaStore: used=1 high=0
      NodeStore: used=0 high=-1
      RelationshipStore: used=0 high=-1
      RelationshipTypeStore: used=0 high=-1
      LabelTokenStore: used=0 high=-1
      PropertyStore: used=0 high=-1
      PropertyIndexStore: used=0 high=-1
      StringPropertyStore: used=1 high=0
      ArrayPropertyStore: used=1 high=0
      RelationshipGroupStore: used=1 high=0
2014-09-17 15:50:58.733+0000 INFO  [org.neo4j]: --- STARTED diagnostics for NEO_STORE_ID_USAGE END ---
2014-09-17 15:50:58.733+0000 INFO  [org.neo4j]: --- STARTED diagnostics for PERSISTENCE_WINDOW_POOL_STATS START ---
2014-09-17 15:50:58.733+0000 INFO  [org.neo4j]: --- STARTED diagnostics for PERSISTENCE_WINDOW_POOL_STATS END ---
2014-09-17 15:50:58.733+0000 INFO  [org.neo4j]: --- STARTED diagnostics for KernelDiagnostics:StoreFiles START ---
2014-09-17 15:50:58.735+0000 INFO  [org.neo4j]: Disk space on partition (Total / Free / Free %): 499999830016 / 416775254016 / 83
Storage files: (filename : modification date - size)
      active_tx_log: 2014-09-17T16:50:58+0100 - 11.00 B
      index:
        lucene-store.db: 2014-09-17T16:50:58+0100 - 40.00 B
        lucene.log.1: 2014-09-17T16:50:58+0100 - 16.00 B
        lucene.log.active: 2014-09-17T16:50:58+0100 - 4.00 B
      - Total: 2014-09-17T16:50:58+0100 - 60.00 B
      lock: 2014-09-17T16:50:54+0100 - 0.00 B
      messages.log: 2014-09-17T16:50:53+0100 - 26.21 kB
      neostore: 2014-09-17T16:50:58+0100 - 81.00 B
      neostore.id: 2014-09-17T16:50:58+0100 - 9.00 B
      neostore.labeltokenstore.db: 2014-09-17T16:50:58+0100 - 0.00 B
      neostore.labeltokenstore.db.id: 2014-09-17T16:50:56+0100 - 9.00 B
      neostore.labeltokenstore.db.names: 2014-09-17T16:50:58+0100 - 38.00 B
      neostore.labeltokenstore.db.names.id: 2014-09-17T16:50:56+0100 - 9.00 B
      neostore.nodestore.db: 2014-09-17T16:50:58+0100 - 0.00 B
      neostore.nodestore.db.id: 2014-09-17T16:50:57+0100 - 9.00 B
      neostore.nodestore.db.labels: 2014-09-17T16:50:58+0100 - 68.00 B
      neostore.nodestore.db.labels.id: 2014-09-17T16:50:57+0100 - 9.00 B
      neostore.propertystore.db: 2014-09-17T16:50:58+0100 - 0.00 B
      neostore.propertystore.db.arrays: 2014-09-17T16:50:58+0100 - 128.00 B
      neostore.propertystore.db.arrays.id: 2014-09-17T16:50:57+0100 - 9.00 B
      neostore.propertystore.db.id: 2014-09-17T16:50:57+0100 - 9.00 B
      neostore.propertystore.db.index: 2014-09-17T16:50:58+0100 - 0.00 B
      neostore.propertystore.db.index.id: 2014-09-17T16:50:57+0100 - 9.00 B
      neostore.propertystore.db.index.keys: 2014-09-17T16:50:58+0100 - 38.00 B
      neostore.propertystore.db.index.keys.id: 2014-09-17T16:50:57+0100 - 9.00 B
      neostore.propertystore.db.strings: 2014-09-17T16:50:58+0100 - 128.00 B
      neostore.propertystore.db.strings.id: 2014-09-17T16:50:57+0100 - 9.00 B
      neostore.relationshipgroupstore.db: 2014-09-17T16:50:58+0100 - 25.00 B
      neostore.relationshipgroupstore.db.id: 2014-09-17T16:50:58+0100 - 9.00 B
      neostore.relationshipstore.db: 2014-09-17T16:50:58+0100 - 0.00 B
      neostore.relationshipstore.db.id: 2014-09-17T16:50:57+0100 - 9.00 B
      neostore.relationshiptypestore.db: 2014-09-17T16:50:58+0100 - 0.00 B
      neostore.relationshiptypestore.db.id: 2014-09-17T16:50:56+0100 - 9.00 B
      neostore.relationshiptypestore.db.names: 2014-09-17T16:50:58+0100 - 38.00 B
      neostore.relationshiptypestore.db.names.id: 2014-09-17T16:50:56+0100 - 9.00 B
      neostore.schemastore.db: 2014-09-17T16:50:58+0100 - 64.00 B
      neostore.schemastore.db.id: 2014-09-17T16:50:57+0100 - 9.00 B
      nioneo_logical.log.1: 2014-09-17T16:50:58+0100 - 16.00 B
      nioneo_logical.log.active: 2014-09-17T16:50:58+0100 - 4.00 B
      schema:
        label:
          lucene:
            write.lock: 2014-09-17T16:50:58+0100 - 0.00 B
          - Total: 2014-09-17T16:50:58+0100 - 0.00 B
        - Total: 2014-09-17T16:50:58+0100 - 0.00 B
      - Total: 2014-09-17T16:50:58+0100 - 0.00 B
      store_lock: 2014-09-17T16:50:54+0100 - 0.00 B
      tm_tx_log.1: 2014-09-17T16:50:58+0100 - 0.00 B
2014-09-17 15:50:58.748+0000 INFO  [org.neo4j]: --- STARTED diagnostics for KernelDiagnostics:StoreFiles END ---
2014-09-17 15:50:58.780+0000 INFO  [org.neo4j]: GC Monitor started. 
2014-09-17 15:50:58.780+0000 INFO  [org.neo4j]: Database is now ready
2014-09-17 15:50:58.863+0000 INFO  [org.neo4j]: Shutdown started
2014-09-17 15:50:58.863+0000 INFO  [org.neo4j]: Database is now unavailable
2014-09-17 15:50:58.863+0000 INFO  [org.neo4j]: GC Monitor stopped. 
2014-09-17 15:50:58.915+0000 INFO  [org.neo4j]: Closed log target\neo4j-hello-db\index\lucene.log
2014-09-17 15:50:58.935+0000 INFO  [org.neo4j]: TM shutting down
2014-09-17 15:50:59.450+0000 INFO  [org.neo4j]: Closed log target\neo4j-hello-db\nioneo_logical.log
2014-09-17 15:50:59.495+0000 INFO  [org.neo4j]: target\neo4j-hello-db\neostore.relationshiptypestore.db.names hit=0 miss=1 switches=0 ooe=0
2014-09-17 15:50:59.620+0000 INFO  [org.neo4j]: target\neo4j-hello-db\neostore.relationshiptypestore.db hit=0 miss=1 switches=0 ooe=0
2014-09-17 15:50:59.710+0000 INFO  [org.neo4j]: target\neo4j-hello-db\neostore.labeltokenstore.db.names hit=0 miss=0 switches=0 ooe=0
2014-09-17 15:50:59.810+0000 INFO  [org.neo4j]: target\neo4j-hello-db\neostore.labeltokenstore.db hit=0 miss=0 switches=0 ooe=0
2014-09-17 15:50:59.895+0000 INFO  [org.neo4j]: target\neo4j-hello-db\neostore.propertystore.db.strings hit=0 miss=0 switches=0 ooe=0
2014-09-17 15:50:59.985+0000 INFO  [org.neo4j]: target\neo4j-hello-db\neostore.propertystore.db.index.keys hit=0 miss=1 switches=0 ooe=0
2014-09-17 15:51:00.155+0000 INFO  [org.neo4j]: target\neo4j-hello-db\neostore.propertystore.db.index hit=0 miss=1 switches=0 ooe=0
2014-09-17 15:51:00.360+0000 INFO  [org.neo4j]: target\neo4j-hello-db\neostore.propertystore.db.arrays hit=0 miss=0 switches=0 ooe=0
2014-09-17 15:51:00.435+0000 INFO  [org.neo4j]: target\neo4j-hello-db\neostore.propertystore.db hit=3 miss=0 switches=0 ooe=0
2014-09-17 15:51:00.527+0000 INFO  [org.neo4j]: target\neo4j-hello-db\neostore.relationshipstore.db hit=1 miss=0 switches=0 ooe=0
2014-09-17 15:51:00.620+0000 INFO  [org.neo4j]: target\neo4j-hello-db\neostore.nodestore.db.labels hit=0 miss=0 switches=0 ooe=0
2014-09-17 15:51:00.735+0000 INFO  [org.neo4j]: target\neo4j-hello-db\neostore.nodestore.db hit=2 miss=0 switches=0 ooe=0
2014-09-17 15:51:00.820+0000 INFO  [org.neo4j]: target\neo4j-hello-db\neostore.schemastore.db hit=0 miss=0 switches=0 ooe=0
2014-09-17 15:51:00.995+0000 INFO  [org.neo4j]: target\neo4j-hello-db\neostore.relationshipgroupstore.db hit=0 miss=0 switches=0 ooe=0
2014-09-17 15:51:01.077+0000 INFO  [org.neo4j]: target\neo4j-hello-db\neostore hit=0 miss=24 switches=0 ooe=0
2014-09-17 15:51:01.150+0000 INFO  [org.neo4j]: NeoStore closed
2014-09-17 15:51:01.150+0000 INFO  [org.neo4j]: --- STOPPING diagnostics START ---
2014-09-17 15:51:01.150+0000 INFO  [org.neo4j]: --- STOPPING diagnostics END ---
